2016-11-23 00:40:16,377 CRIT Supervisor running as root (no user in config file)
2016-11-23 00:40:16,388 INFO supervisord started with pid 41
2016-11-23 00:40:17,390 INFO spawnerr: can't find command '/usr/sbin/sshd'
2016-11-23 00:40:17,391 INFO spawned: 'apache2' with pid 44
2016-11-23 00:40:17,467 INFO exited: apache2 (exit status 1; not expected)
2016-11-23 00:40:18,468 INFO spawnerr: can't find command '/usr/sbin/sshd'
2016-11-23 00:40:18,469 INFO spawned: 'apache2' with pid 45
2016-11-23 00:40:18,531 INFO exited: apache2 (exit status 1; not expected)
2016-11-23 00:40:20,534 INFO spawnerr: can't find command '/usr/sbin/sshd'
2016-11-23 00:40:20,536 INFO spawned: 'apache2' with pid 46
2016-11-23 00:40:20,599 INFO exited: apache2 (exit status 1; not expected)
2016-11-23 00:40:23,603 INFO spawnerr: can't find command '/usr/sbin/sshd'
2016-11-23 00:40:23,603 INFO gave up: sshd entered FATAL state, too many start retries too quickly
2016-11-23 00:40:23,605 INFO spawned: 'apache2' with pid 47
2016-11-23 00:40:23,683 INFO exited: apache2 (exit status 1; not expected)
2016-11-23 00:40:24,646 INFO gave up: apache2 entered FATAL state, too many start retries too quickly
2016-11-23 00:40:24,646 WARN received SIGINT indicating exit request
2016-11-23 00:49:39,249 CRIT Supervisor running as root (no user in config file)
2016-11-23 00:49:39,264 INFO supervisord started with pid 204
2016-11-23 00:49:40,266 INFO spawnerr: can't find command '/usr/sbin/sshd'
2016-11-23 00:49:40,267 INFO spawned: 'apache2' with pid 207
2016-11-23 00:49:41,341 INFO spawnerr: can't find command '/usr/sbin/sshd'
2016-11-23 00:49:41,342 INFO success: apache2 entered RUNNING state, process has stayed up for > than 1 seconds (startsecs)
2016-11-23 00:49:43,345 INFO spawnerr: can't find command '/usr/sbin/sshd'
2016-11-23 00:49:46,349 INFO spawnerr: can't find command '/usr/sbin/sshd'
2016-11-23 00:49:46,350 INFO gave up: sshd entered FATAL state, too many start retries too quickly
2016-11-23 00:49:57,046 WARN received SIGINT indicating exit request
2016-11-23 00:49:57,047 INFO waiting for apache2 to die
2016-11-23 00:49:57,049 INFO stopped: apache2 (terminated by SIGTERM)
2016-11-23 00:51:03,872 CRIT Supervisor running as root (no user in config file)
2016-11-23 00:51:03,881 INFO supervisord started with pid 266
2016-11-23 00:51:04,883 INFO spawnerr: can't find command '/usr/sbin/sshd'
2016-11-23 00:51:04,885 INFO spawned: 'apache2' with pid 269
2016-11-23 00:51:04,966 CRIT uncaptured python exception, closing channel <POutputDispatcher at 140548563011560 for <Subprocess at 140548563010984 with name apache2 in state STARTING> (stdout)> (<type 'exceptions.IOError'>:[Errno 29] Illegal seek [/usr/lib/python2.7/dist-packages/supervisor/supervisord.py|runforever|233] [/usr/lib/python2.7/dist-packages/supervisor/dispatchers.py|handle_read_event|231] [/usr/lib/python2.7/dist-packages/supervisor/dispatchers.py|record_output|165] [/usr/lib/python2.7/dist-packages/supervisor/dispatchers.py|_log|141] [/usr/lib/python2.7/dist-packages/supervisor/loggers.py|info|273] [/usr/lib/python2.7/dist-packages/supervisor/loggers.py|log|291] [/usr/lib/python2.7/dist-packages/supervisor/loggers.py|emit|186] [/usr/lib/python2.7/dist-packages/supervisor/loggers.py|doRollover|195])
2016-11-23 00:51:04,968 INFO exited: apache2 (exit status 0; not expected)
2016-11-23 00:51:05,971 INFO spawnerr: can't find command '/usr/sbin/sshd'
2016-11-23 00:51:05,973 INFO spawned: 'apache2' with pid 272
2016-11-23 00:51:06,044 CRIT uncaptured python exception, closing channel <POutputDispatcher at 140548563011848 for <Subprocess at 140548563010984 with name apache2 in state STARTING> (stdout)> (<type 'exceptions.IOError'>:[Errno 29] Illegal seek [/usr/lib/python2.7/dist-packages/supervisor/supervisord.py|runforever|233] [/usr/lib/python2.7/dist-packages/supervisor/dispatchers.py|handle_read_event|231] [/usr/lib/python2.7/dist-packages/supervisor/dispatchers.py|record_output|165] [/usr/lib/python2.7/dist-packages/supervisor/dispatchers.py|_log|141] [/usr/lib/python2.7/dist-packages/supervisor/loggers.py|info|273] [/usr/lib/python2.7/dist-packages/supervisor/loggers.py|log|291] [/usr/lib/python2.7/dist-packages/supervisor/loggers.py|emit|186] [/usr/lib/python2.7/dist-packages/supervisor/loggers.py|doRollover|195])
2016-11-23 00:51:06,051 INFO exited: apache2 (exit status 0; not expected)
2016-11-23 00:51:08,054 INFO spawnerr: can't find command '/usr/sbin/sshd'
2016-11-23 00:51:08,056 INFO spawned: 'apache2' with pid 275
2016-11-23 00:51:08,124 CRIT uncaptured python exception, closing channel <POutputDispatcher at 140548563086728 for <Subprocess at 140548563010984 with name apache2 in state STARTING> (stdout)> (<type 'exceptions.IOError'>:[Errno 29] Illegal seek [/usr/lib/python2.7/dist-packages/supervisor/supervisord.py|runforever|233] [/usr/lib/python2.7/dist-packages/supervisor/dispatchers.py|handle_read_event|231] [/usr/lib/python2.7/dist-packages/supervisor/dispatchers.py|record_output|165] [/usr/lib/python2.7/dist-packages/supervisor/dispatchers.py|_log|141] [/usr/lib/python2.7/dist-packages/supervisor/loggers.py|info|273] [/usr/lib/python2.7/dist-packages/supervisor/loggers.py|log|291] [/usr/lib/python2.7/dist-packages/supervisor/loggers.py|emit|186] [/usr/lib/python2.7/dist-packages/supervisor/loggers.py|doRollover|195])
2016-11-23 00:51:08,126 INFO exited: apache2 (exit status 0; not expected)
2016-11-23 00:51:11,130 INFO spawnerr: can't find command '/usr/sbin/sshd'
2016-11-23 00:51:11,130 INFO gave up: sshd entered FATAL state, too many start retries too quickly
2016-11-23 00:51:11,131 INFO spawned: 'apache2' with pid 278
2016-11-23 00:51:11,192 CRIT uncaptured python exception, closing channel <POutputDispatcher at 140548563011488 for <Subprocess at 140548563010984 with name apache2 in state STARTING> (stdout)> (<type 'exceptions.IOError'>:[Errno 29] Illegal seek [/usr/lib/python2.7/dist-packages/supervisor/supervisord.py|runforever|233] [/usr/lib/python2.7/dist-packages/supervisor/dispatchers.py|handle_read_event|231] [/usr/lib/python2.7/dist-packages/supervisor/dispatchers.py|record_output|165] [/usr/lib/python2.7/dist-packages/supervisor/dispatchers.py|_log|141] [/usr/lib/python2.7/dist-packages/supervisor/loggers.py|info|273] [/usr/lib/python2.7/dist-packages/supervisor/loggers.py|log|291] [/usr/lib/python2.7/dist-packages/supervisor/loggers.py|emit|186] [/usr/lib/python2.7/dist-packages/supervisor/loggers.py|doRollover|195])
2016-11-23 00:51:11,194 INFO exited: apache2 (exit status 0; not expected)
2016-11-23 00:51:12,195 INFO gave up: apache2 entered FATAL state, too many start retries too quickly
2016-11-23 00:51:17,901 WARN received SIGINT indicating exit request
2016-11-23 00:51:30,984 CRIT Supervisor running as root (no user in config file)
2016-11-23 00:51:30,997 INFO supervisord started with pid 281
2016-11-23 00:51:32,000 INFO spawnerr: can't find command '/usr/sbin/sshd'
2016-11-23 00:51:32,001 INFO spawned: 'apache2' with pid 284
2016-11-23 00:51:32,086 INFO exited: apache2 (exit status 0; not expected)
2016-11-23 00:51:33,088 INFO spawnerr: can't find command '/usr/sbin/sshd'
2016-11-23 00:51:33,090 INFO spawned: 'apache2' with pid 287
2016-11-23 00:51:33,173 INFO exited: apache2 (exit status 0; not expected)
2016-11-23 00:51:35,176 INFO spawnerr: can't find command '/usr/sbin/sshd'
2016-11-23 00:51:35,178 INFO spawned: 'apache2' with pid 290
2016-11-23 00:51:35,261 INFO exited: apache2 (exit status 0; not expected)
2016-11-23 00:51:37,743 WARN received SIGINT indicating exit request
2016-11-23 00:51:37,744 INFO waiting for sshd to die
2016-11-23 00:52:45,836 CRIT Supervisor running as root (no user in config file)
2016-11-23 00:52:45,842 INFO supervisord started with pid 293
2016-11-23 00:52:46,847 INFO spawnerr: can't find command '/usr/sbin/sshd'
2016-11-23 00:52:46,850 INFO spawned: 'apache2' with pid 296
2016-11-23 00:52:47,028 INFO exited: apache2 (exit status 0; not expected)
2016-11-23 00:52:48,030 INFO spawnerr: can't find command '/usr/sbin/sshd'
2016-11-23 00:52:48,033 INFO spawned: 'apache2' with pid 299
2016-11-23 00:52:48,159 INFO exited: apache2 (exit status 0; not expected)
2016-11-23 00:52:50,162 INFO spawnerr: can't find command '/usr/sbin/sshd'
2016-11-23 00:52:50,164 INFO spawned: 'apache2' with pid 302
2016-11-23 00:52:50,361 INFO exited: apache2 (exit status 0; not expected)
2016-11-23 00:52:53,365 INFO spawnerr: can't find command '/usr/sbin/sshd'
2016-11-23 00:52:53,366 INFO gave up: sshd entered FATAL state, too many start retries too quickly
2016-11-23 00:52:53,367 INFO spawned: 'apache2' with pid 305
2016-11-23 00:52:53,451 INFO exited: apache2 (exit status 0; not expected)
2016-11-23 00:52:54,453 INFO gave up: apache2 entered FATAL state, too many start retries too quickly
2016-11-23 00:53:09,693 WARN received SIGINT indicating exit request
2016-11-23 00:53:19,665 CRIT Supervisor running as root (no user in config file)
2016-11-23 00:53:19,671 INFO supervisord started with pid 332
2016-11-23 00:53:20,675 INFO spawnerr: can't find command '/usr/sbin/sshd'
2016-11-23 00:53:20,677 INFO spawned: 'apache2' with pid 335
2016-11-23 00:53:21,776 INFO spawnerr: can't find command '/usr/sbin/sshd'
2016-11-23 00:53:21,777 INFO success: apache2 entered RUNNING state, process has stayed up for > than 1 seconds (startsecs)
2016-11-23 00:53:23,780 INFO spawnerr: can't find command '/usr/sbin/sshd'
2016-11-23 00:53:25,854 WARN received SIGINT indicating exit request
2016-11-23 00:53:25,855 INFO waiting for sshd, apache2 to die
2016-11-23 00:53:26,718 INFO stopped: apache2 (terminated by SIGTERM)
2016-11-23 00:53:51,205 CRIT Supervisor running as root (no user in config file)
2016-11-23 00:53:51,214 INFO supervisord started with pid 395
2016-11-23 00:53:52,221 INFO spawned: 'pixelmap' with pid 398
2016-11-23 00:53:52,223 INFO spawned: 'apache2' with pid 399
2016-11-23 00:53:52,243 INFO exited: pixelmap (exit status 127; not expected)
2016-11-23 00:53:52,351 INFO exited: apache2 (exit status 0; not expected)
2016-11-23 00:53:53,355 INFO spawned: 'pixelmap' with pid 402
2016-11-23 00:53:53,358 INFO spawned: 'apache2' with pid 403
2016-11-23 00:53:53,376 INFO exited: pixelmap (exit status 127; not expected)
2016-11-23 00:53:53,481 INFO exited: apache2 (exit status 0; not expected)
2016-11-23 00:53:55,486 INFO spawned: 'pixelmap' with pid 406
2016-11-23 00:53:55,488 INFO spawned: 'apache2' with pid 407
2016-11-23 00:53:55,505 INFO exited: pixelmap (exit status 127; not expected)
2016-11-23 00:53:55,597 INFO exited: apache2 (exit status 0; not expected)
2016-11-23 00:53:57,823 WARN received SIGINT indicating exit request
2016-11-23 00:53:57,824 INFO waiting for pixelmap to die
2016-11-23 00:54:14,336 CRIT Supervisor running as root (no user in config file)
2016-11-23 00:54:14,342 INFO supervisord started with pid 411
2016-11-23 00:54:15,345 INFO spawned: 'pixelmap' with pid 414
2016-11-23 00:54:15,347 INFO spawned: 'apache2' with pid 415
2016-11-23 00:54:15,508 INFO exited: apache2 (exit status 0; not expected)
2016-11-23 00:54:16,192 INFO exited: pixelmap (exit status 1; not expected)
2016-11-23 00:54:17,196 INFO spawned: 'pixelmap' with pid 422
2016-11-23 00:54:17,198 INFO spawned: 'apache2' with pid 423
2016-11-23 00:54:17,336 INFO exited: apache2 (exit status 0; not expected)
2016-11-23 00:54:17,820 INFO exited: pixelmap (exit status 1; not expected)
2016-11-23 00:54:19,827 INFO spawned: 'pixelmap' with pid 430
2016-11-23 00:54:19,829 INFO spawned: 'apache2' with pid 431
2016-11-23 00:54:19,995 INFO exited: apache2 (exit status 0; not expected)
2016-11-23 00:54:20,416 INFO exited: pixelmap (exit status 1; not expected)
2016-11-23 00:54:21,007 WARN received SIGINT indicating exit request
2016-11-23 00:54:21,008 INFO waiting for pixelmap to die
2016-11-28 01:29:29,587 CRIT Supervisor running as root (no user in config file)
2016-11-28 01:29:29,593 INFO supervisord started with pid 30
2016-11-28 01:29:30,595 INFO spawned: 'pixelmap' with pid 33
2016-11-28 01:29:30,596 INFO spawned: 'apache2' with pid 34
2016-11-28 01:29:31,682 INFO success: pixelmap entered RUNNING state, process has stayed up for > than 1 seconds (startsecs)
2016-11-28 01:29:31,682 INFO success: apache2 entered RUNNING state, process has stayed up for > than 1 seconds (startsecs)
2016-11-28 01:30:13,851 WARN received SIGINT indicating exit request
2016-11-28 01:30:13,851 INFO waiting for pixelmap, apache2 to die
2016-11-28 01:30:13,851 INFO stopped: apache2 (terminated by SIGTERM)
2016-11-28 01:30:13,852 INFO stopped: pixelmap (terminated by SIGTERM)
2016-11-28 01:30:15,155 CRIT Supervisor running as root (no user in config file)
2016-11-28 01:30:15,163 INFO supervisord started with pid 104
2016-11-28 01:30:16,165 INFO spawned: 'pixelmap' with pid 107
2016-11-28 01:30:16,170 INFO spawned: 'apache2' with pid 108
2016-11-28 01:30:16,252 INFO exited: apache2 (exit status 0; not expected)
2016-11-28 01:30:17,254 INFO success: pixelmap entered RUNNING state, process has stayed up for > than 1 seconds (startsecs)
2016-11-28 01:30:17,255 INFO spawned: 'apache2' with pid 115
2016-11-28 01:30:17,300 INFO exited: apache2 (exit status 0; not expected)
2016-11-28 01:30:19,304 INFO spawned: 'apache2' with pid 118
2016-11-28 01:30:19,367 INFO exited: apache2 (exit status 0; not expected)
2016-11-28 01:30:22,371 INFO spawned: 'apache2' with pid 121
2016-11-28 01:30:22,447 INFO exited: apache2 (exit status 0; not expected)
2016-11-28 01:30:23,449 INFO gave up: apache2 entered FATAL state, too many start retries too quickly
2016-11-28 01:30:25,809 WARN received SIGINT indicating exit request
2016-11-28 01:30:25,810 INFO waiting for pixelmap to die
2016-11-28 01:30:26,812 INFO stopped: pixelmap (terminated by SIGTERM)
2016-11-28 01:31:28,740 CRIT Supervisor running as root (no user in config file)
2016-11-28 01:31:28,753 INFO supervisord started with pid 148
2016-11-28 01:31:29,755 INFO spawned: 'pixelmap' with pid 151
2016-11-28 01:31:29,757 INFO spawned: 'apache2' with pid 152
2016-11-28 01:31:31,009 INFO success: pixelmap entered RUNNING state, process has stayed up for > than 1 seconds (startsecs)
2016-11-28 01:31:31,010 INFO success: apache2 entered RUNNING state, process has stayed up for > than 1 seconds (startsecs)
2016-11-28 01:31:52,508 WARN received SIGINT indicating exit request
2016-11-28 01:31:52,509 INFO waiting for pixelmap, apache2 to die
2016-11-28 01:31:52,579 INFO stopped: apache2 (terminated by SIGTERM)
2016-11-28 01:31:52,583 INFO stopped: pixelmap (terminated by SIGTERM)
2016-11-28 01:33:33,445 CRIT Supervisor running as root (no user in config file)
2016-11-28 01:33:33,455 INFO supervisord started with pid 214
2016-11-28 01:33:34,460 INFO spawned: 'pixelmap' with pid 217
2016-11-28 01:33:34,462 INFO spawned: 'apache2' with pid 218
2016-11-28 01:33:34,530 INFO exited: apache2 (exit status 0; not expected)
2016-11-28 01:33:35,899 INFO success: pixelmap entered RUNNING state, process has stayed up for > than 1 seconds (startsecs)
2016-11-28 01:33:35,900 INFO spawned: 'apache2' with pid 222
2016-11-28 01:33:35,945 INFO exited: apache2 (exit status 0; not expected)
2016-11-28 01:33:38,261 INFO spawned: 'apache2' with pid 223
2016-11-28 01:33:38,303 INFO exited: apache2 (exit status 0; not expected)
2016-11-28 01:33:41,592 INFO spawned: 'apache2' with pid 224
2016-11-28 01:33:41,625 INFO exited: apache2 (exit status 0; not expected)
2016-11-28 01:33:42,010 INFO gave up: apache2 entered FATAL state, too many start retries too quickly
2016-11-28 01:33:42,946 WARN received SIGINT indicating exit request
2016-11-28 01:33:42,947 INFO waiting for pixelmap to die
2016-11-28 01:33:43,242 INFO stopped: pixelmap (terminated by SIGTERM)
2016-11-28 01:35:50,888 CRIT Supervisor running as root (no user in config file)
2016-11-28 01:35:50,893 INFO supervisord started with pid 511
2016-11-28 01:35:51,895 INFO spawned: 'pixelmap' with pid 514
2016-11-28 01:35:51,897 INFO spawned: 'apache2' with pid 515
2016-11-28 01:35:51,953 INFO exited: apache2 (exit status 1; not expected)
2016-11-28 01:35:53,289 INFO success: pixelmap entered RUNNING state, process has stayed up for > than 1 seconds (startsecs)
2016-11-28 01:35:53,291 INFO spawned: 'apache2' with pid 521
2016-11-28 01:35:53,350 INFO exited: apache2 (exit status 1; not expected)
2016-11-28 01:35:55,780 INFO spawned: 'apache2' with pid 524
2016-11-28 01:35:55,825 INFO exited: apache2 (exit status 1; not expected)
2016-11-28 01:35:57,780 WARN received SIGINT indicating exit request
2016-11-28 01:35:57,780 INFO waiting for pixelmap to die
2016-11-28 01:35:58,183 INFO stopped: pixelmap (terminated by SIGTERM)
2016-11-28 01:37:30,169 CRIT Supervisor running as root (no user in config file)
2016-11-28 01:37:30,178 INFO supervisord started with pid 660
2016-11-28 01:37:31,180 INFO spawned: 'pixelmap' with pid 663
2016-11-28 01:37:31,182 INFO spawned: 'apache2' with pid 664
2016-11-28 01:37:32,489 INFO success: pixelmap entered RUNNING state, process has stayed up for > than 1 seconds (startsecs)
2016-11-28 01:37:32,490 INFO success: apache2 entered RUNNING state, process has stayed up for > than 1 seconds (startsecs)
2016-11-28 01:37:37,628 WARN received SIGINT indicating exit request
2016-11-28 01:37:37,629 INFO waiting for pixelmap, apache2 to die
2016-11-28 01:37:37,819 INFO stopped: apache2 (terminated by SIGTERM)
2016-11-28 01:37:37,822 INFO stopped: pixelmap (terminated by SIGTERM)
2016-11-28 01:38:12,496 CRIT Supervisor running as root (no user in config file)
2016-11-28 01:38:12,501 INFO supervisord started with pid 728
2016-11-28 01:38:13,348 INFO spawned: 'pixelmap' with pid 731
2016-11-28 01:38:13,349 INFO spawned: 'apache2' with pid 732
2016-11-28 01:38:13,350 WARN received SIGINT indicating exit request
2016-11-28 01:38:13,351 INFO waiting for pixelmap, apache2 to die
2016-11-28 01:38:13,392 INFO stopped: apache2 (exit status 0)
2016-11-28 01:38:13,393 INFO stopped: pixelmap (terminated by SIGTERM)
